2025-03-28 17:14:18.071991 - Received CBT.V508.FILE158.PDS from FILE158.XMI 
2025-03-28 17:14:18.074856 - Found $$$$$DOC.txt (text/plain) in CBT.V508.FILE158.PDS, moved to PDS/$$$$$DOC
2025-03-28 17:14:18.076255 - Found $$$#DATE.txt (text/plain) in CBT.V508.FILE158.PDS, moved to PDS/$$$#DATE
2025-03-28 17:14:18.077936 - Found @FILE158.txt (text/plain) in CBT.V508.FILE158.PDS, moved to PDS/@FILE158
2025-03-28 17:14:18.079038 - Found CENTER.rexx (text/plain) in CBT.V508.FILE158.PDS, moved to PDS/CENTER
2025-03-28 17:14:18.079902 - Found CMDTBDI.txt (text/plain) in CBT.V508.FILE158.PDS, moved to PDS/CMDTBDI
2025-03-28 17:14:18.080891 - Found CMDTBD1.txt (text/plain) in CBT.V508.FILE158.PDS, moved to PDS/CMDTBD1
2025-03-28 17:14:18.082586 - Found CMDTBLUP.rexx (text/plain) in CBT.V508.FILE158.PDS, moved to PDS/CMDTBLUP
2025-03-28 17:14:18.083730 - Found CMDTBME.txt (text/plain) in CBT.V508.FILE158.PDS, moved to PDS/CMDTBME
2025-03-28 17:14:18.084655 - Found COPYF.txt (text/plain) in CBT.V508.FILE158.PDS, moved to PDS/COPYF
2025-03-28 17:14:18.085504 - Found COPYMORE.rexx (text/plain) in CBT.V508.FILE158.PDS, moved to PDS/COPYMORE
2025-03-28 17:14:18.086113 - Found COPYNREC.rexx (text/plain) in CBT.V508.FILE158.PDS, moved to PDS/COPYNREC
2025-03-28 17:14:18.087271 - Found DQUAL.rexx (text/plain) in CBT.V508.FILE158.PDS, moved to PDS/DQUAL
2025-03-28 17:14:18.088499 - Found DSNBYDD.rexx (text/plain) in CBT.V508.FILE158.PDS, moved to PDS/DSNBYDD
2025-03-28 17:14:18.089714 - Found DSNMLIST.rexx (text/plain) in CBT.V508.FILE158.PDS, moved to PDS/DSNMLIST
2025-03-28 17:14:18.090919 - Found DSNTABLE.rexx (text/plain) in CBT.V508.FILE158.PDS, moved to PDS/DSNTABLE
2025-03-28 17:14:18.091893 - Found EDF.rexx (text/plain) in CBT.V508.FILE158.PDS, moved to PDS/EDF
2025-03-28 17:14:18.092563 - Found EDFIND.txt (text/plain) in CBT.V508.FILE158.PDS, moved to PDS/EDFIND
2025-03-28 17:14:18.093155 - Found GETDLIST.rexx (text/plain) in CBT.V508.FILE158.PDS, moved to PDS/GETDLIST
2025-03-28 17:14:18.095036 - Found G2JDATE.rexx (text/plain) in CBT.V508.FILE158.PDS, moved to PDS/G2JDATE
2025-03-28 17:14:18.095864 - Found HELPIDM.rexx (text/plain) in CBT.V508.FILE158.PDS, moved to PDS/HELPIDM
2025-03-28 17:14:18.096402 - Found HELPIDS.rexx (text/plain) in CBT.V508.FILE158.PDS, moved to PDS/HELPIDS
2025-03-28 17:14:18.096983 - Found IMBED.rexx (text/plain) in CBT.V508.FILE158.PDS, moved to PDS/IMBED
2025-03-28 17:14:18.097550 - Found JCEX.txt (text/plain) in CBT.V508.FILE158.PDS, moved to PDS/JCEX
2025-03-28 17:14:18.098958 - Found J2GDATE.rexx (text/plain) in CBT.V508.FILE158.PDS, moved to PDS/J2GDATE
2025-03-28 17:14:18.099982 - Found KEYWORDV.rexx (text/plain) in CBT.V508.FILE158.PDS, moved to PDS/KEYWORDV
2025-03-28 17:14:18.101179 - Found LCOM.rexx (text/plain) in CBT.V508.FILE158.PDS, moved to PDS/LCOM
2025-03-28 17:14:18.103062 - Found LISTDD.rexx (text/plain) in CBT.V508.FILE158.PDS, moved to PDS/LISTDD
2025-03-28 17:14:18.105068 - Found LISTMMI.rexx (text/plain) in CBT.V508.FILE158.PDS, moved to PDS/LISTMMI
2025-03-28 17:14:18.106301 - Found LISTMMT.rexx (text/plain) in CBT.V508.FILE158.PDS, moved to PDS/LISTMMT
2025-03-28 17:14:18.107543 - Found LLDSNS.rexx (text/plain) in CBT.V508.FILE158.PDS, moved to PDS/LLDSNS
2025-03-28 17:14:18.108565 - Found LOGMSG.rexx (text/plain) in CBT.V508.FILE158.PDS, moved to PDS/LOGMSG
2025-03-28 17:14:18.109353 - Found LOGUPDAT.rexx (text/plain) in CBT.V508.FILE158.PDS, moved to PDS/LOGUPDAT
2025-03-28 17:14:18.109948 - Found MASK.rexx (text/plain) in CBT.V508.FILE158.PDS, moved to PDS/MASK
2025-03-28 17:14:18.110651 - Found MASK1.rexx (text/plain) in CBT.V508.FILE158.PDS, moved to PDS/MASK1
2025-03-28 17:14:18.112094 - Found MASK12.rexx (text/plain) in CBT.V508.FILE158.PDS, moved to PDS/MASK12
2025-03-28 17:14:18.113672 - Found MASK2.rexx (text/plain) in CBT.V508.FILE158.PDS, moved to PDS/MASK2
2025-03-28 17:14:18.114934 - Found MASK21.rexx (text/plain) in CBT.V508.FILE158.PDS, moved to PDS/MASK21
2025-03-28 17:14:18.116266 - Found MEMBYDD.rexx (text/plain) in CBT.V508.FILE158.PDS, moved to PDS/MEMBYDD
2025-03-28 17:14:18.117517 - Found MEMLIST.rexx (text/plain) in CBT.V508.FILE158.PDS, moved to PDS/MEMLIST
2025-03-28 17:14:18.118709 - Found POPPRT.bin (application/octet-stream) in CBT.V508.FILE158.PDS, moved to PDS/POPPRT
2025-03-28 17:14:18.119835 - Found PSICMDIS.txt (text/plain) in CBT.V508.FILE158.PDS, moved to PDS/PSICMDIS
2025-03-28 17:14:18.120716 - Found PSICMIN1.txt (text/plain) in CBT.V508.FILE158.PDS, moved to PDS/PSICMIN1
2025-03-28 17:14:18.121574 - Found REMOVEWD.rexx (text/plain) in CBT.V508.FILE158.PDS, moved to PDS/REMOVEWD
2025-03-28 17:14:18.122163 - Found REPLACWD.rexx (text/plain) in CBT.V508.FILE158.PDS, moved to PDS/REPLACWD
2025-03-28 17:14:18.123302 - Found REXXID.rexx (text/plain) in CBT.V508.FILE158.PDS, moved to PDS/REXXID
2025-03-28 17:14:18.124763 - Found RFILL.rexx (text/plain) in CBT.V508.FILE158.PDS, moved to PDS/RFILL
2025-03-28 17:14:18.125954 - Found SHOWFLOW.rexx (text/plain) in CBT.V508.FILE158.PDS, moved to PDS/SHOWFLOW
2025-03-28 17:14:18.127575 - Found SYSDSNRI.rexx (text/plain) in CBT.V508.FILE158.PDS, moved to PDS/SYSDSNRI
2025-03-28 17:14:18.129263 - Found TABEMPTY.rexx (text/plain) in CBT.V508.FILE158.PDS, moved to PDS/TABEMPTY
2025-03-28 17:14:18.130685 - Found TQUAL.rexx (text/plain) in CBT.V508.FILE158.PDS, moved to PDS/TQUAL
